#
# There is insufficient memory for the Java Runtime Environment to continue.
# Native memory allocation (malloc) failed to allocate 32744 bytes for ChunkPool::allocate
# Possible reasons:
#   The system is out of physical RAM or swap space
#   The process is running with CompressedOops enabled, and the Java Heap may be blocking the growth of the native heap
# Possible solutions:
#   Reduce memory load on the system
#   Increase physical memory or swap space
#   Check if swap backing store is full
#   Decrease Java heap size (-Xmx/-Xms)
#   Decrease number of Java threads
#   Decrease Java thread stack sizes (-Xss)
#   Set larger code cache with -XX:ReservedCodeCacheSize=
#   JVM is running with Zero Based Compressed Oops mode in which the Java heap is
#     placed in the first 32GB address space. The Java Heap base address is the
#     maximum limit for the native heap growth. Please use -XX:HeapBaseMinAddress
#     to set the Java Heap base and to place the Java Heap above 32GB virtual address.
# This output file may be truncated or incomplete.
#
#  Out of Memory Error (arena.cpp:78), pid=996, tid=2396
#
# JRE version: OpenJDK Runtime Environment Temurin-17.0.3+7 (17.0.3+7) (build 17.0.3+7)
# Java VM: OpenJDK 64-Bit Server VM Temurin-17.0.3+7 (17.0.3+7, mixed mode, tiered, compressed oops, compressed class ptrs, g1 gc, windows-amd64)
# No core dump will be written. Minidumps are not enabled by default on client versions of Windows
#

---------------  S U M M A R Y ------------

Command Line: -Dfile.encoding=UTF-8 -XX:+ShowCodeDetailsInExceptionMessages Main

Host: Intel(R) Core(TM) i5-1035G1 CPU @ 1.00GHz, 8 cores, 19G,  Windows 10 , 64 bit Build 19041 (10.0.19041.1889)
Time: Mon Aug 15 12:06:23 2022  Windows 10 , 64 bit Build 19041 (10.0.19041.1889) elapsed time: 12.611488 seconds (0d 0h 0m 12s)

---------------  T H R E A D  ---------------

Current thread (0x000001f6531a2d90):  JavaThread "AWT-EventQueue-0" [_thread_in_vm, id=2396, stack(0x00000042fdb00000,0x00000042fdc00000)]

Stack: [0x00000042fdb00000,0x00000042fdc00000]
Native frames: (J=compiled Java code, j=interpreted, Vv=VM code, C=native code)
V  [jvm.dll+0x675efa]
V  [jvm.dll+0x830a24]
V  [jvm.dll+0x8321ce]
V  [jvm.dll+0x832833]
V  [jvm.dll+0x2454b5]
V  [jvm.dll+0xabfc0]
V  [jvm.dll+0xac30c]
V  [jvm.dll+0x827007]
V  [jvm.dll+0x826642]
V  [jvm.dll+0x41cea0]
C  0x000001f63bb6c57e

Java frames: (J=compiled Java code, j=interpreted, Vv=VM code)
J 709  java.security.AccessController.getStackAccessControlContext()Ljava/security/AccessControlContext; java.base@17.0.3 (0 bytes) @ 0x000001f63bb6c4e6 [0x000001f63bb6c4a0+0x0000000000000046]
J 708 c1 java.security.AccessController.getContext()Ljava/security/AccessControlContext; java.base@17.0.3 (23 bytes) @ 0x000001f634708dac [0x000001f634708d60+0x000000000000004c]
j  javax.swing.RepaintManager.paintDirtyRegions(Ljava/util/Map;)V+115 java.desktop@17.0.3
j  javax.swing.RepaintManager.paintDirtyRegions()V+46 java.desktop@17.0.3
j  javax.swing.RepaintManager.prePaintDirtyRegions()V+73 java.desktop@17.0.3
j  javax.swing.RepaintManager$ProcessingRunnable.run()V+37 java.desktop@17.0.3
j  java.awt.event.InvocationEvent.dispatch()V+47 java.desktop@17.0.3
j  java.awt.EventQueue.dispatchEventImpl(Ljava/awt/AWTEvent;Ljava/lang/Object;)V+21 java.desktop@17.0.3
J 829 c1 java.awt.EventQueue$4.run()Ljava/lang/Void; java.desktop@17.0.3 (60 bytes) @ 0x000001f634740fa4 [0x000001f634740e60+0x0000000000000144]
J 831 c1 java.awt.EventQueue.dispatchEvent(Ljava/awt/AWTEvent;)V java.desktop@17.0.3 (80 bytes) @ 0x000001f634741c14 [0x000001f634741660+0x00000000000005b4]
J 783 c1 java.awt.EventDispatchThread.pumpOneEventForFilters(I)V java.desktop@17.0.3 (113 bytes) @ 0x000001f634727f34 [0x000001f6347278a0+0x0000000000000694]
j  java.awt.EventDispatchThread.pumpEventsForFilter(ILjava/awt/Conditional;Ljava/awt/EventFilter;)V+35 java.desktop@17.0.3
j  java.awt.EventDispatchThread.pumpEventsForHierarchy(ILjava/awt/Conditional;Ljava/awt/Component;)V+11 java.desktop@17.0.3
j  java.awt.EventDispatchThread.pumpEvents(ILjava/awt/Conditional;)V+4 java.desktop@17.0.3
j  java.awt.EventDispatchThread.pumpEvents(Ljava/awt/Conditional;)V+3 java.desktop@17.0.3
j  java.awt.EventDispatchThread.run()V+9 java.desktop@17.0.3
v  ~StubRoutines::call_stub

---------------  P R O C E S S  ---------------

Threads class SMR info:
_java_thread_list=0x000001f653223c20, length=16, elements={
0x000001f6521c54c0, 0x000001f6521c6d10, 0x000001f652c42530, 0x000001f652c42ff0,
0x000001f652c1fd60, 0x000001f652c777c0, 0x000001f652c80420, 0x000001f652c4f010,
0x000001f652c600d0, 0x000001f652dc2780, 0x000001f652dd1f30, 0x000001f6530532f0,
0x000001f653084b00, 0x000001f653087a90, 0x000001f6531a2d90, 0x000001f62f1e0d60
}

Java Threads: ( => current thread )
  0x000001f6521c54c0 JavaThread "Reference Handler" daemon [_thread_blocked, id=5484, stack(0x00000042fcc00000,0x00000042fcd00000)]
  0x000001f6521c6d10 JavaThread "Finalizer" daemon [_thread_blocked, id=11560, stack(0x00000042fcd00000,0x00000042fce00000)]
  0x000001f652c42530 JavaThread "Signal Dispatcher" daemon [_thread_blocked, id=4236, stack(0x00000042fce00000,0x00000042fcf00000)]
  0x000001f652c42ff0 JavaThread "Attach Listener" daemon [_thread_blocked, id=13264, stack(0x00000042fcf00000,0x00000042fd000000)]
  0x000001f652c1fd60 JavaThread "Service Thread" daemon [_thread_blocked, id=11164, stack(0x00000042fd000000,0x00000042fd100000)]
  0x000001f652c777c0 JavaThread "Monitor Deflation Thread" daemon [_thread_blocked, id=1840, stack(0x00000042fd100000,0x00000042fd200000)]
  0x000001f652c80420 JavaThread "C2 CompilerThread0" daemon [_thread_blocked, id=14304, stack(0x00000042fd200000,0x00000042fd300000)]
  0x000001f652c4f010 JavaThread "C1 CompilerThread0" daemon [_thread_blocked, id=2012, stack(0x00000042fd300000,0x00000042fd400000)]
  0x000001f652c600d0 JavaThread "Sweeper thread" daemon [_thread_blocked, id=14316, stack(0x00000042fd400000,0x00000042fd500000)]
  0x000001f652dc2780 JavaThread "Notification Thread" daemon [_thread_blocked, id=11140, stack(0x00000042fd500000,0x00000042fd600000)]
  0x000001f652dd1f30 JavaThread "Common-Cleaner" daemon [_thread_blocked, id=6488, stack(0x00000042fd700000,0x00000042fd800000)]
  0x000001f6530532f0 JavaThread "Java2D Disposer" daemon [_thread_blocked, id=11096, stack(0x00000042fd800000,0x00000042fd900000)]
  0x000001f653084b00 JavaThread "AWT-Shutdown" [_thread_blocked, id=7156, stack(0x00000042fd900000,0x00000042fda00000)]
  0x000001f653087a90 JavaThread "AWT-Windows" daemon [_thread_in_native, id=10076, stack(0x00000042fda00000,0x00000042fdb00000)]
=>0x000001f6531a2d90 JavaThread "AWT-EventQueue-0" [_thread_in_vm, id=2396, stack(0x00000042fdb00000,0x00000042fdc00000)]
  0x000001f62f1e0d60 JavaThread "DestroyJavaVM" [_thread_blocked, id=4500, stack(0x00000042fc500000,0x00000042fc600000)]

Other Threads:
  0x000001f652182070 VMThread "VM Thread" [stack: 0x00000042fcb00000,0x00000042fcc00000] [id=1460]
  0x000001f652dc8c70 WatcherThread [stack: 0x00000042fd600000,0x00000042fd700000] [id=11512]
  0x000001f62f256b50 GCTaskThread "GC Thread#0" [stack: 0x00000042fc600000,0x00000042fc700000] [id=2912]
  0x000001f62f263490 ConcurrentGCThread "G1 Main Marker" [stack: 0x00000042fc700000,0x00000042fc800000] [id=7284]
  0x000001f62f263ea0 ConcurrentGCThread "G1 Conc#0" [stack: 0x00000042fc800000,0x00000042fc900000] [id=6504]
  0x000001f6520410b0 ConcurrentGCThread "G1 Refine#0" [stack: 0x00000042fc900000,0x00000042fca00000] [id=8980]
  0x000001f652041ad0 ConcurrentGCThread "G1 Service" [stack: 0x00000042fca00000,0x00000042fcb00000] [id=3540]

Threads with active compile tasks:

VM state: not at safepoint (normal execution)

VM Mutex/Monitor currently owned by a thread: None

Heap address: 0x00000006c3400000, size: 5068 MB, Compressed Oops mode: Zero based, Oop shift amount: 3

CDS archive(s) not mapped
Compressed class space mapped at: 0x0000000800000000-0x0000000840000000, reserved size: 1073741824
Narrow klass base: 0x0000000800000000, Narrow klass shift: 0, Narrow klass range: 0x40000000

GC Precious Log:
 CPUs: 8 total, 8 available
 Memory: 20256M
 Large Page Support: Disabled
 NUMA Support: Disabled
 Compressed Oops: Enabled (Zero based)
 Heap Region Size: 4M
 Heap Min Capacity: 8M
 Heap Initial Capacity: 320M
 Heap Max Capacity: 5068M
 Pre-touch: Disabled
 Parallel Workers: 8
 Concurrent Workers: 2
 Concurrent Refinement Workers: 8
 Periodic GC: Disabled

Heap:
 garbage-first heap   total 327680K, used 4096K [0x00000006c3400000, 0x0000000800000000)
  region size 4096K, 2 young (8192K), 0 survivors (0K)
 Metaspace       used 13655K, committed 13824K, reserved 1064960K
  class space    used 1375K, committed 1472K, reserved 1048576K

Heap Regions: E=young(eden), S=young(survivor), O=old, HS=humongous(starts), HC=humongous(continues), CS=collection set, F=free, OA=open archive, CA=closed archive, TAMS=top-at-mark-start (previous, next)
|   0|0x00000006c3400000, 0x00000006c3400000, 0x00000006c3800000|  0%| F|  |TAMS 0x00000006c3400000, 0x00000006c3400000| Untracked 
|   1|0x00000006c3800000, 0x00000006c3800000, 0x00000006c3c00000|  0%| F|  |TAMS 0x00000006c3800000, 0x00000006c3800000| Untracked 
|   2|0x00000006c3c00000, 0x00000006c3c00000, 0x00000006c4000000|  0%| F|  |TAMS 0x00000006c3c00000, 0x00000006c3c00000| Untracked 
|   3|0x00000006c4000000, 0x00000006c4000000, 0x00000006c4400000|  0%| F|  |TAMS 0x00000006c4000000, 0x00000006c4000000| Untracked 
|   4|0x00000006c4400000, 0x00000006c4400000, 0x00000006c4800000|  0%| F|  |TAMS 0x00000006c4400000, 0x00000006c4400000| Untracked 
|   5|0x00000006c4800000, 0x00000006c4800000, 0x00000006c4c00000|  0%| F|  |TAMS 0x00000006c4800000, 0x00000006c4800000| Untracked 
|   6|0x00000006c4c00000, 0x00000006c4c00000, 0x00000006c5000000|  0%| F|  |TAMS 0x00000006c4c00000, 0x00000006c4c00000| Untracked 
|   7|0x00000006c5000000, 0x00000006c5000000, 0x00000006c5400000|  0%| F|  |TAMS 0x00000006c5000000, 0x00000006c5000000| Untracked 
|   8|0x00000006c5400000, 0x00000006c5400000, 0x00000006c5800000|  0%| F|  |TAMS 0x00000006c5400000, 0x00000006c5400000| Untracked 
|   9|0x00000006c5800000, 0x00000006c5800000, 0x00000006c5c00000|  0%| F|  |TAMS 0x00000006c5800000, 0x00000006c5800000| Untracked 
|  10|0x00000006c5c00000, 0x00000006c5c00000, 0x00000006c6000000|  0%| F|  |TAMS 0x00000006c5c00000, 0x00000006c5c00000| Untracked 
|  11|0x00000006c6000000, 0x00000006c6000000, 0x00000006c6400000|  0%| F|  |TAMS 0x00000006c6000000, 0x00000006c6000000| Untracked 
|  12|0x00000006c6400000, 0x00000006c6400000, 0x00000006c6800000|  0%| F|  |TAMS 0x00000006c6400000, 0x00000006c6400000| Untracked 
|  13|0x00000006c6800000, 0x00000006c6800000, 0x00000006c6c00000|  0%| F|  |TAMS 0x00000006c6800000, 0x00000006c6800000| Untracked 
|  14|0x00000006c6c00000, 0x00000006c6c00000, 0x00000006c7000000|  0%| F|  |TAMS 0x00000006c6c00000, 0x00000006c6c00000| Untracked 
|  15|0x00000006c7000000, 0x00000006c7000000, 0x00000006c7400000|  0%| F|  |TAMS 0x00000006c7000000, 0x00000006c7000000| Untracked 
|  16|0x00000006c7400000, 0x00000006c7400000, 0x00000006c7800000|  0%| F|  |TAMS 0x00000006c7400000, 0x00000006c7400000| Untracked 
|  17|0x00000006c7800000, 0x00000006c7800000, 0x00000006c7c00000|  0%| F|  |TAMS 0x00000006c7800000, 0x00000006c7800000| Untracked 
|  18|0x00000006c7c00000, 0x00000006c7c00000, 0x00000006c8000000|  0%| F|  |TAMS 0x00000006c7c00000, 0x00000006c7c00000| Untracked 
|  19|0x00000006c8000000, 0x00000006c8000000, 0x00000006c8400000|  0%| F|  |TAMS 0x00000006c8000000, 0x00000006c8000000| Untracked 
|  20|0x00000006c8400000, 0x00000006c8400000, 0x00000006c8800000|  0%| F|  |TAMS 0x00000006c8400000, 0x00000006c8400000| Untracked 
|  21|0x00000006c8800000, 0x00000006c8800000, 0x00000006c8c00000|  0%| F|  |TAMS 0x00000006c8800000, 0x00000006c8800000| Untracked 
|  22|0x00000006c8c00000, 0x00000006c8c00000, 0x00000006c9000000|  0%| F|  |TAMS 0x00000006c8c00000, 0x00000006c8c00000| Untracked 
|  23|0x00000006c9000000, 0x00000006c9000000, 0x00000006c9400000|  0%| F|  |TAMS 0x00000006c9000000, 0x00000006c9000000| Untracked 
|  24|0x00000006c9400000, 0x00000006c9400000, 0x00000006c9800000|  0%| F|  |TAMS 0x00000006c9400000, 0x00000006c9400000| Untracked 
|  25|0x00000006c9800000, 0x00000006c9800000, 0x00000006c9c00000|  0%| F|  |TAMS 0x00000006c9800000, 0x00000006c9800000| Untracked 
|  26|0x00000006c9c00000, 0x00000006c9c00000, 0x00000006ca000000|  0%| F|  |TAMS 0x00000006c9c00000, 0x00000006c9c00000| Untracked 
|  27|0x00000006ca000000, 0x00000006ca000000, 0x00000006ca400000|  0%| F|  |TAMS 0x00000006ca000000, 0x00000006ca000000| Untracked 
|  28|0x00000006ca400000, 0x00000006ca400000, 0x00000006ca800000|  0%| F|  |TAMS 0x00000006ca400000, 0x00000006ca400000| Untracked 
|  29|0x00000006ca800000, 0x00000006ca800000, 0x00000006cac00000|  0%| F|  |TAMS 0x00000006ca800000, 0x00000006ca800000| Untracked 
|  30|0x00000006cac00000, 0x00000006cac00000, 0x00000006cb000000|  0%| F|  |TAMS 0x00000006cac00000, 0x00000006cac00000| Untracked 
|  31|0x00000006cb000000, 0x00000006cb000000, 0x00000006cb400000|  0%| F|  |TAMS 0x00000006cb000000, 0x00000006cb000000| Untracked 
|  32|0x00000006cb400000, 0x00000006cb400000, 0x00000006cb800000|  0%| F|  |TAMS 0x00000006cb400000, 0x00000006cb400000| Untracked 
|  33|0x00000006cb800000, 0x00000006cb800000, 0x00000006cbc00000|  0%| F|  |TAMS 0x00000006cb800000, 0x00000006cb800000| Untracked 
|  34|0x00000006cbc00000, 0x00000006cbc00000, 0x00000006cc000000|  0%| F|  |TAMS 0x00000006cbc00000, 0x00000006cbc00000| Untracked 
|  35|0x00000006cc000000, 0x00000006cc000000, 0x00000006cc400000|  0%| F|  |TAMS 0x00000006cc000000, 0x00000006cc000000| Untracked 
|  36|0x00000006cc400000, 0x00000006cc400000, 0x00000006cc800000|  0%| F|  |TAMS 0x00000006cc400000, 0x00000006cc400000| Untracked 
|  37|0x00000006cc800000, 0x00000006cc800000, 0x00000006ccc00000|  0%| F|  |TAMS 0x00000006cc800000, 0x00000006cc800000| Untracked 
|  38|0x00000006ccc00000, 0x00000006ccc00000, 0x00000006cd000000|  0%| F|  |TAMS 0x00000006ccc00000, 0x00000006ccc00000| Untracked 
|  39|0x00000006cd000000, 0x00000006cd000000, 0x00000006cd400000|  0%| F|  |TAMS 0x00000006cd000000, 0x00000006cd000000| Untracked 
|  40|0x00000006cd400000, 0x00000006cd400000, 0x00000006cd800000|  0%| F|  |TAMS 0x00000006cd400000, 0x00000006cd400000| Untracked 
|  41|0x00000006cd800000, 0x00000006cd800000, 0x00000006cdc00000|  0%| F|  |TAMS 0x00000006cd800000, 0x00000006cd800000| Untracked 
|  42|0x00000006cdc00000, 0x00000006cdc00000, 0x00000006ce000000|  0%| F|  |TAMS 0x00000006cdc00000, 0x00000006cdc00000| Untracked 
|  43|0x00000006ce000000, 0x00000006ce000000, 0x00000006ce400000|  0%| F|  |TAMS 0x00000006ce000000, 0x00000006ce000000| Untracked 
|  44|0x00000006ce400000, 0x00000006ce400000, 0x00000006ce800000|  0%| F|  |TAMS 0x00000006ce400000, 0x00000006ce400000| Untracked 
|  45|0x00000006ce800000, 0x00000006ce800000, 0x00000006cec00000|  0%| F|  |TAMS 0x00000006ce800000, 0x00000006ce800000| Untracked 
|  46|0x00000006cec00000, 0x00000006cec00000, 0x00000006cf000000|  0%| F|  |TAMS 0x00000006cec00000, 0x00000006cec00000| Untracked 
|  47|0x00000006cf000000, 0x00000006cf000000, 0x00000006cf400000|  0%| F|  |TAMS 0x00000006cf000000, 0x00000006cf000000| Untracked 
|  48|0x00000006cf400000, 0x00000006cf400000, 0x00000006cf800000|  0%| F|  |TAMS 0x00000006cf400000, 0x00000006cf400000| Untracked 
|  49|0x00000006cf800000, 0x00000006cf800000, 0x00000006cfc00000|  0%| F|  |TAMS 0x00000006cf800000, 0x00000006cf800000| Untracked 
|  50|0x00000006cfc00000, 0x00000006cfc00000, 0x00000006d0000000|  0%| F|  |TAMS 0x00000006cfc00000, 0x00000006cfc00000| Untracked 
|  51|0x00000006d0000000, 0x00000006d0000000, 0x00000006d0400000|  0%| F|  |TAMS 0x00000006d0000000, 0x00000006d0000000| Untracked 
|  52|0x00000006d0400000, 0x00000006d0400000, 0x00000006d0800000|  0%| F|  |TAMS 0x00000006d0400000, 0x00000006d0400000| Untracked 
|  53|0x00000006d0800000, 0x00000006d0800000, 0x00000006d0c00000|  0%| F|  |TAMS 0x00000006d0800000, 0x00000006d0800000| Untracked 
|  54|0x00000006d0c00000, 0x00000006d0c00000, 0x00000006d1000000|  0%| F|  |TAMS 0x00000006d0c00000, 0x00000006d0c00000| Untracked 
|  55|0x00000006d1000000, 0x00000006d1000000, 0x00000006d1400000|  0%| F|  |TAMS 0x00000006d1000000, 0x00000006d1000000| Untracked 
|  56|0x00000006d1400000, 0x00000006d1400000, 0x00000006d1800000|  0%| F|  |TAMS 0x00000006d1400000, 0x00000006d1400000| Untracked 
|  57|0x00000006d1800000, 0x00000006d1800000, 0x00000006d1c00000|  0%| F|  |TAMS 0x00000006d1800000, 0x00000006d1800000| Untracked 
|  58|0x00000006d1c00000, 0x00000006d1c00000, 0x00000006d2000000|  0%| F|  |TAMS 0x00000006d1c00000, 0x00000006d1c00000| Untracked 
|  59|0x00000006d2000000, 0x00000006d2000000, 0x00000006d2400000|  0%| F|  |TAMS 0x00000006d2000000, 0x00000006d2000000| Untracked 
|  60|0x00000006d2400000, 0x00000006d2400000, 0x00000006d2800000|  0%| F|  |TAMS 0x00000006d2400000, 0x00000006d2400000| Untracked 
|  61|0x00000006d2800000, 0x00000006d2800000, 0x00000006d2c00000|  0%| F|  |TAMS 0x00000006d2800000, 0x00000006d2800000| Untracked 
|  62|0x00000006d2c00000, 0x00000006d2c00000, 0x00000006d3000000|  0%| F|  |TAMS 0x00000006d2c00000, 0x00000006d2c00000| Untracked 
|  63|0x00000006d3000000, 0x00000006d3000000, 0x00000006d3400000|  0%| F|  |TAMS 0x00000006d3000000, 0x00000006d3000000| Untracked 
|  64|0x00000006d3400000, 0x00000006d3400000, 0x00000006d3800000|  0%| F|  |TAMS 0x00000006d3400000, 0x00000006d3400000| Untracked 
|  65|0x00000006d3800000, 0x00000006d3800000, 0x00000006d3c00000|  0%| F|  |TAMS 0x00000006d3800000, 0x00000006d3800000| Untracked 
|  66|0x00000006d3c00000, 0x00000006d3c00000, 0x00000006d4000000|  0%| F|  |TAMS 0x00000006d3c00000, 0x00000006d3c00000| Untracked 
|  67|0x00000006d4000000, 0x00000006d4000000, 0x00000006d4400000|  0%| F|  |TAMS 0x00000006d4000000, 0x00000006d4000000| Untracked 
|  68|0x00000006d4400000, 0x00000006d4400000, 0x00000006d4800000|  0%| F|  |TAMS 0x00000006d4400000, 0x00000006d4400000| Untracked 
|  69|0x00000006d4800000, 0x00000006d4800000, 0x00000006d4c00000|  0%| F|  |TAMS 0x00000006d4800000, 0x00000006d4800000| Untracked 
|  70|0x00000006d4c00000, 0x00000006d4c00000, 0x00000006d5000000|  0%| F|  |TAMS 0x00000006d4c00000, 0x00000006d4c00000| Untracked 
|  71|0x00000006d5000000, 0x00000006d5000000, 0x00000006d5400000|  0%| F|  |TAMS 0x00000006d5000000, 0x00000006d5000000| Untracked 
|  72|0x00000006d5400000, 0x00000006d5400000, 0x00000006d5800000|  0%| F|  |TAMS 0x00000006d5400000, 0x00000006d5400000| Untracked 
|  73|0x00000006d5800000, 0x00000006d5800000, 0x00000006d5c00000|  0%| F|  |TAMS 0x00000006d5800000, 0x00000006d5800000| Untracked 
|  74|0x00000006d5c00000, 0x00000006d5c00000, 0x00000006d6000000|  0%| F|  |TAMS 0x00000006d5c00000, 0x00000006d5c00000| Untracked 
|  75|0x00000006d6000000, 0x00000006d6000000, 0x00000006d6400000|  0%| F|  |TAMS 0x00000006d6000000, 0x00000006d6000000| Untracked 
|  76|0x00000006d6400000, 0x00000006d6400000, 0x00000006d6800000|  0%| F|  |TAMS 0x00000006d6400000, 0x00000006d6400000| Untracked 
|  77|0x00000006d6800000, 0x00000006d6800000, 0x00000006d6c00000|  0%| F|  |TAMS 0x00000006d6800000, 0x00000006d6800000| Untracked 
|  78|0x00000006d6c00000, 0x00000006d7000000, 0x00000006d7000000|100%| E|  |TAMS 0x00000006d6c00000, 0x00000006d6c00000| Complete 
|  79|0x00000006d7000000, 0x00000006d7400000, 0x00000006d7400000|100%| E|CS|TAMS 0x00000006d7000000, 0x00000006d7000000| Complete 

Card table byte_map: [0x000001f6444e0000,0x000001f644ed0000] _byte_map_base: 0x000001f640ec6000

Marking Bits (Prev, Next): (CMBitMap*) 0x000001f62f258570, (CMBitMap*) 0x000001f62f2585b0
 Prev Bits: [0x000001f6458c0000, 0x000001f64a7f0000)
 Next Bits: [0x000001f64a7f0000, 0x000001f64f720000)

Polling page: 0x000001f62f2c0000

Metaspace:

Usage:
  Non-class:     11.99 MB used.
      Class:      1.34 MB used.
       Both:     13.34 MB used.

Virtual space:
  Non-class space:       16.00 MB reserved,      12.06 MB ( 75%) committed,  2 nodes.
      Class space:        1.00 GB reserved,       1.44 MB ( <1%) committed,  1 nodes.
             Both:        1.02 GB reserved,      13.50 MB (  1%) committed. 

Chunk freelists:
   Non-Class:  3.00 MB
       Class:  2.62 MB
        Both:  5.62 MB

MaxMetaspaceSize: unlimited
CompressedClassSpaceSize: 1.00 GB
Initial GC threshold: 21.00 MB
Current GC threshold: 21.00 MB
CDS: off
MetaspaceReclaimPolicy: balanced
 - commit_granule_bytes: 65536.
 - commit_granule_words: 8192.
 - virtual_space_node_default_size: 1048576.
 - enlarge_chunks_in_place: 1.
 - new_chunks_are_fully_committed: 0.
 - uncommit_free_chunks: 1.
 - use_allocation_guard: 0.
 - handle_deallocations: 1.


Internal statistics:

num_allocs_failed_limit: 0.
num_arena_births: 108.
num_arena_deaths: 0.
num_vsnodes_births: 3.
num_vsnodes_deaths: 0.
num_space_committed: 216.
num_space_uncommitted: 0.
num_chunks_returned_to_freelist: 0.
num_chunks_taken_from_freelist: 160.
num_chunk_merges: 0.
num_chunk_splits: 88.
num_chunks_enlarged: 51.
num_purges: 0.
num_inconsistent_stats: 0.

CodeHeap 'non-profiled nmethods': size=120000Kb used=212Kb max_used=212Kb free=119787Kb
 bounds [0x000001f63bb40000, 0x000001f63bdb0000, 0x000001f643070000]
CodeHeap 'profiled nmethods': size=120000Kb used=1394Kb max_used=1394Kb free=118605Kb
 bounds [0x000001f634610000, 0x000001f634880000, 0x000001f63bb40000]
CodeHeap 'non-nmethods': size=5760Kb used=1264Kb max_used=1277Kb free=4496Kb
 bounds [0x000001f634070000, 0x000001f6342e0000, 0x000001f634610000]
 total_blobs=1451 nmethods=875 adapters=489
 compilation: enabled
              stopped_count=0, restarted_count=0
 full_count=0

Compilation events (20 events):
Event: 12.431 Thread 0x000001f652c4f010  865       3       sun.awt.SunToolkit::getSystemEventQueueImpl (4 bytes)
Event: 12.432 Thread 0x000001f652c4f010 nmethod 865 0x000001f63474d410 code [0x000001f63474d5e0, 0x000001f63474d918]
Event: 12.455 Thread 0x000001f652c4f010  866       3       javax.swing.RepaintManager::currentManager (37 bytes)
Event: 12.456 Thread 0x000001f652c4f010 nmethod 866 0x000001f63474da90 code [0x000001f63474dc60, 0x000001f63474dfc8]
Event: 12.456 Thread 0x000001f652c4f010  867   !   3       java.awt.event.InputEvent::canAccessSystemClipboard (57 bytes)
Event: 12.456 Thread 0x000001f652c4f010 nmethod 867 0x000001f63474e110 code [0x000001f63474e3c0, 0x000001f63474f168]
Event: 12.456 Thread 0x000001f652c4f010  868       3       sun.java2d.SunGraphics2D::invalidateTransform (226 bytes)
Event: 12.457 Thread 0x000001f652c4f010 nmethod 868 0x000001f63474f690 code [0x000001f63474f8e0, 0x000001f634750228]
Event: 12.457 Thread 0x000001f652c4f010  869       3       sun.java2d.SunGraphics2D::validateBasicStroke (332 bytes)
Event: 12.457 Thread 0x000001f652c4f010 nmethod 869 0x000001f634750490 code [0x000001f6347507e0, 0x000001f634751a88]
Event: 12.519 Thread 0x000001f652c4f010  870       3       java.awt.EventQueue::setCurrentEventAndMostRecentTime (8 bytes)
Event: 12.519 Thread 0x000001f652c4f010 nmethod 870 0x000001f634751e90 code [0x000001f634752080, 0x000001f634752538]
Event: 12.536 Thread 0x000001f652c4f010  871       3       sun.awt.SunToolkit::isTouchKeyboardAutoShowEnabled (4 bytes)
Event: 12.536 Thread 0x000001f652c4f010 nmethod 871 0x000001f634752710 code [0x000001f6347528a0, 0x000001f634752998]
Event: 12.543 Thread 0x000001f652c4f010  872   !   3       java.awt.DefaultKeyboardFocusManager::dispatchEvent (1621 bytes)
Event: 12.557 Thread 0x000001f652c4f010 nmethod 872 0x000001f634752a10 code [0x000001f634754100, 0x000001f634766068]
Event: 12.558 Thread 0x000001f652c4f010  873       3       java.awt.Toolkit::notifyAWTEventListeners (36 bytes)
Event: 12.558 Thread 0x000001f652c4f010 nmethod 873 0x000001f63476ad10 code [0x000001f63476af00, 0x000001f63476b4e8]
Event: 12.558 Thread 0x000001f652c4f010  874       1       javax.swing.RepaintManager::isDoubleBufferingEnabled (5 bytes)
Event: 12.558 Thread 0x000001f652c4f010 nmethod 874 0x000001f63bb74d90 code [0x000001f63bb74f20, 0x000001f63bb74ff8]

GC Heap History (0 events):
No events

Deoptimization events (20 events):
Event: 1.680 Thread 0x000001f6531a2d90 Uncommon trap: trap_request=0xffffffde fr.pc=0x000001f63bb5ccac relative=0x00000000000001ac
Event: 1.680 Thread 0x000001f6531a2d90 Uncommon trap: reason=class_check action=maybe_recompile pc=0x000001f63bb5ccac method=java.lang.String.equals(Ljava/lang/Object;)Z @ 8 c2
Event: 1.680 Thread 0x000001f6531a2d90 DEOPT PACKING pc=0x000001f63bb5ccac sp=0x00000042fdbfd2b0
Event: 1.680 Thread 0x000001f6531a2d90 DEOPT UNPACKING pc=0x000001f6340c5c23 sp=0x00000042fdbfd258 mode 2
Event: 1.680 Thread 0x000001f6531a2d90 Uncommon trap: trap_request=0xffffffde fr.pc=0x000001f63bb5ccac relative=0x00000000000001ac
Event: 1.680 Thread 0x000001f6531a2d90 Uncommon trap: reason=class_check action=maybe_recompile pc=0x000001f63bb5ccac method=java.lang.String.equals(Ljava/lang/Object;)Z @ 8 c2
Event: 1.680 Thread 0x000001f6531a2d90 DEOPT PACKING pc=0x000001f63bb5ccac sp=0x00000042fdbfd2d0
Event: 1.680 Thread 0x000001f6531a2d90 DEOPT UNPACKING pc=0x000001f6340c5c23 sp=0x00000042fdbfd278 mode 2
Event: 11.648 Thread 0x000001f6531a2d90 Uncommon trap: trap_request=0xffffffde fr.pc=0x000001f63bb5ccac relative=0x00000000000001ac
Event: 11.648 Thread 0x000001f6531a2d90 Uncommon trap: reason=class_check action=maybe_recompile pc=0x000001f63bb5ccac method=java.lang.String.equals(Ljava/lang/Object;)Z @ 8 c2
Event: 11.648 Thread 0x000001f6531a2d90 DEOPT PACKING pc=0x000001f63bb5ccac sp=0x00000042fdbfdcb0
Event: 11.648 Thread 0x000001f6531a2d90 DEOPT UNPACKING pc=0x000001f6340c5c23 sp=0x00000042fdbfdc58 mode 2
Event: 11.648 Thread 0x000001f6531a2d90 Uncommon trap: trap_request=0xffffffde fr.pc=0x000001f63bb5ccac relative=0x00000000000001ac
Event: 11.648 Thread 0x000001f6531a2d90 Uncommon trap: reason=class_check action=maybe_recompile pc=0x000001f63bb5ccac method=java.lang.String.equals(Ljava/lang/Object;)Z @ 8 c2
Event: 11.648 Thread 0x000001f6531a2d90 DEOPT PACKING pc=0x000001f63bb5ccac sp=0x00000042fdbfdcc0
Event: 11.648 Thread 0x000001f6531a2d90 DEOPT UNPACKING pc=0x000001f6340c5c23 sp=0x00000042fdbfdc68 mode 2
Event: 12.335 Thread 0x000001f6531a2d90 Uncommon trap: trap_request=0xffffff45 fr.pc=0x000001f63bb7119c relative=0x000000000000009c
Event: 12.335 Thread 0x000001f6531a2d90 Uncommon trap: reason=unstable_if action=reinterpret pc=0x000001f63bb7119c method=java.awt.Component.inside(II)Z @ 1 c2
Event: 12.335 Thread 0x000001f6531a2d90 DEOPT PACKING pc=0x000001f63bb7119c sp=0x00000042fdbfe770
Event: 12.335 Thread 0x000001f6531a2d90 DEOPT UNPACKING pc=0x000001f6340c5c23 sp=0x00000042fdbfe610 mode 2

Classes unloaded (0 events):
No events

Classes redefined (0 events):
No events

Internal exceptions (13 events):
Event: 0.752 Thread 0x000001f62f1e0d60 Exception <a 'java/lang/ClassNotFoundException'{0x00000006d712a3f8}: sun/awt/resources/spi/awtProvider> (0x00000006d712a3f8) 
thrown [e:\jenkins\tmp\workspace\build\src\src\hotspot\share\classfile\systemDictionary.cpp, line 256]
Event: 0.862 Thread 0x000001f62f1e0d60 Exception <a 'java/io/FileNotFoundException'{0x00000006d720f878}> (0x00000006d720f878) 
thrown [e:\jenkins\tmp\workspace\build\src\src\hotspot\share\prims\jni.cpp, line 516]
Event: 0.873 Thread 0x000001f62f1e0d60 Exception <a 'java/io/FileNotFoundException'{0x00000006d723c978}> (0x00000006d723c978) 
thrown [e:\jenkins\tmp\workspace\build\src\src\hotspot\share\prims\jni.cpp, line 516]
Event: 1.045 Thread 0x000001f62f1e0d60 Exception <a 'java/lang/NoSuchMethodError'{0x00000006d7288fd8}: 'java.lang.Object java.lang.invoke.DirectMethodHandle$Holder.invokeStaticInit(java.lang.Object)'> (0x00000006d7288fd8) 
thrown [e:\jenkins\tmp\workspace\build\src\src\hotspot\share\interpreter\linkResolver.cpp, line 766]
Event: 1.130 Thread 0x000001f62f1e0d60 Exception <a 'java/lang/NoSuchMethodError'{0x00000006d7339748}: 'void java.lang.invoke.DirectMethodHandle$Holder.invokeSpecial(java.lang.Object, java.lang.Object, java.lang.Object)'> (0x00000006d7339748) 
thrown [e:\jenkins\tmp\workspace\build\src\src\hotspot\share\interpreter\linkResolver.cpp, line 766]
Event: 1.146 Thread 0x000001f62f1e0d60 Exception <a 'java/lang/NoSuchMethodError'{0x00000006d73639a0}: 'java.lang.Object java.lang.invoke.DirectMethodHandle$Holder.newInvokeSpecial(java.lang.Object, java.lang.Object, java.lang.Object, java.lang.Object, java.lang.Object)'> (0x00000006d73639a0) 
thrown [e:\jenkins\tmp\workspace\build\src\src\hotspot\share\interpreter\linkResolver.cpp, line 766]
Event: 1.148 Thread 0x000001f62f1e0d60 Exception <a 'java/lang/NoSuchMethodError'{0x00000006d736f368}: 'java.lang.Object java.lang.invoke.DirectMethodHandle$Holder.invokeStatic(java.lang.Object, int, java.lang.Object, java.lang.Object, java.lang.Object, java.lang.Object)'> (0x00000006d736f368) 
thrown [e:\jenkins\tmp\workspace\build\src\src\hotspot\share\interpreter\linkResolver.cpp, line 766]
Event: 1.155 Thread 0x000001f62f1e0d60 Exception <a 'java/lang/NoSuchMethodError'{0x00000006d7394b28}: 'java.lang.Object java.lang.invoke.DirectMethodHandle$Holder.invokeStatic(java.lang.Object, int, java.lang.Object)'> (0x00000006d7394b28) 
thrown [e:\jenkins\tmp\workspace\build\src\src\hotspot\share\interpreter\linkResolver.cpp, line 766]
Event: 1.199 Thread 0x000001f62f1e0d60 Exception <a 'java/lang/ClassNotFoundException'{0x00000006d6c4c908}: com/sun/swing/internal/plaf/metal/resources/spi/metalProvider> (0x00000006d6c4c908) 
thrown [e:\jenkins\tmp\workspace\build\src\src\hotspot\share\classfile\systemDictionary.cpp, line 256]
Event: 1.203 Thread 0x000001f62f1e0d60 Exception <a 'java/lang/ClassNotFoundException'{0x00000006d6c52478}: com/sun/swing/internal/plaf/basic/resources/spi/basicProvider> (0x00000006d6c52478) 
thrown [e:\jenkins\tmp\workspace\build\src\src\hotspot\share\classfile\systemDictionary.cpp, line 256]
Event: 1.329 Thread 0x000001f62f1e0d60 Exception <a 'java/io/FileNotFoundException'{0x00000006d6c94fb8}> (0x00000006d6c94fb8) 
thrown [e:\jenkins\tmp\workspace\build\src\src\hotspot\share\prims\jni.cpp, line 516]
Event: 1.435 Thread 0x000001f653087a90 Exception <a 'java/lang/NoSuchMethodError'{0x00000006d72dd6e8}: 'void java.lang.invoke.DirectMethodHandle$Holder.invokeVirtual(java.lang.Object, java.lang.Object)'> (0x00000006d72dd6e8) 
thrown [e:\jenkins\tmp\workspace\build\src\src\hotspot\share\interpreter\linkResolver.cpp, line 766]
Event: 1.473 Thread 0x000001f62f1e0d60 Exception <a 'java/lang/NoSuchMethodError'{0x00000006d6d1b528}: 'void java.lang.invoke.DirectMethodHandle$Holder.invokeStaticInit(java.lang.Object)'> (0x00000006d6d1b528) 
thrown [e:\jenkins\tmp\workspace\build\src\src\hotspot\share\interpreter\linkResolver.cpp, line 766]

VM Operations (16 events):
Event: 1.198 Executing VM operation: HandshakeAllThreads
Event: 1.198 Executing VM operation: HandshakeAllThreads done
Event: 1.276 Executing VM operation: HandshakeAllThreads
Event: 1.276 Executing VM operation: HandshakeAllThreads done
Event: 1.283 Executing VM operation: HandshakeAllThreads
Event: 1.283 Executing VM operation: HandshakeAllThreads done
Event: 1.349 Executing VM operation: HandshakeAllThreads
Event: 1.349 Executing VM operation: HandshakeAllThreads done
Event: 1.611 Executing VM operation: HandshakeAllThreads
Event: 1.611 Executing VM operation: HandshakeAllThreads done
Event: 1.611 Executing VM operation: Cleanup
Event: 1.611 Executing VM operation: Cleanup done
Event: 2.619 Executing VM operation: Cleanup
Event: 2.620 Executing VM operation: Cleanup done
Event: 11.729 Executing VM operation: Cleanup
Event: 11.729 Executing VM operation: Cleanup done

Events (20 events):
Event: 1.714 loading class java/lang/invoke/VarHandleInts$FieldStaticReadWrite
Event: 1.714 loading class java/lang/invoke/VarHandleInts$FieldStaticReadOnly
Event: 1.714 loading class java/lang/invoke/VarHandleInts$FieldStaticReadOnly done
Event: 1.714 loading class java/lang/invoke/VarHandleInts$FieldStaticReadWrite done
Event: 1.715 loading class java/util/concurrent/ForkJoinPool$DefaultForkJoinWorkerThreadFactory
Event: 1.715 loading class java/util/concurrent/ForkJoinPool$ForkJoinWorkerThreadFactory
Event: 1.715 loading class java/util/concurrent/ForkJoinPool$ForkJoinWorkerThreadFactory done
Event: 1.715 loading class java/util/concurrent/ForkJoinPool$DefaultForkJoinWorkerThreadFactory done
Event: 1.715 loading class java/util/concurrent/ForkJoinPool$1
Event: 1.715 loading class java/util/concurrent/ForkJoinPool$1 done
Event: 1.715 loading class java/util/concurrent/ForkJoinPool$DefaultCommonPoolForkJoinWorkerThreadFactory
Event: 1.715 loading class java/util/concurrent/ForkJoinPool$DefaultCommonPoolForkJoinWorkerThreadFactory done
Event: 1.716 loading class java/util/concurrent/ForkJoinPool$WorkQueue
Event: 1.716 loading class java/util/concurrent/ForkJoinPool$WorkQueue done
Event: 1.716 loading class java/util/concurrent/ForkJoinWorkerThread
Event: 1.717 loading class java/util/concurrent/ForkJoinWorkerThread done
Event: 1.718 loading class java/util/concurrent/locks/AbstractQueuedSynchronizer$ExclusiveNode
Event: 1.718 loading class java/util/concurrent/locks/AbstractQueuedSynchronizer$ExclusiveNode done
Event: 3.615 loading class java/awt/LightweightDispatcher$2
Event: 3.615 loading class java/awt/LightweightDispatcher$2 done


Dynamic libraries:
0x00007ff770560000 - 0x00007ff77056e000 	C:\Users\User\OneDrive\Desktop\eclipse-java-2022-06-R-win32-x86_64\eclipse\plugins\org.eclipse.justj.openjdk.hotspot.jre.full.win32.x86_64_17.0.3.v20220515-1416\jre\bin\javaw.exe
0x00007ff9709d0000 - 0x00007ff970bc8000 	C:\WINDOWS\SYSTEM32\ntdll.dll
0x00007ff96f090000 - 0x00007ff96f14d000 	C:\WINDOWS\System32\KERNEL32.DLL
0x00007ff96e2e0000 - 0x00007ff96e5ae000 	C:\WINDOWS\System32\KERNELBASE.dll
0x00007ff96e0f0000 - 0x00007ff96e1f0000 	C:\WINDOWS\System32\ucrtbase.dll
0x00007ff969920000 - 0x00007ff969938000 	C:\Users\User\OneDrive\Desktop\eclipse-java-2022-06-R-win32-x86_64\eclipse\plugins\org.eclipse.justj.openjdk.hotspot.jre.full.win32.x86_64_17.0.3.v20220515-1416\jre\bin\jli.dll
0x00007ff966af0000 - 0x00007ff966b09000 	C:\Users\User\OneDrive\Desktop\eclipse-java-2022-06-R-win32-x86_64\eclipse\plugins\org.eclipse.justj.openjdk.hotspot.jre.full.win32.x86_64_17.0.3.v20220515-1416\jre\bin\VCRUNTIME140.dll
0x00007ff970220000 - 0x00007ff9703c0000 	C:\WINDOWS\System32\USER32.dll
0x00007ff96e640000 - 0x00007ff96e662000 	C:\WINDOWS\System32\win32u.dll
0x00007ff958c60000 - 0x00007ff958efa000 	C:\WINDOWS\WinSxS\amd64_microsoft.windows.common-controls_6595b64144ccf1df_6.0.19041.1110_none_60b5254171f9507e\COMCTL32.dll
0x00007ff96faa0000 - 0x00007ff96faca000 	C:\WINDOWS\System32\GDI32.dll
0x00007ff970890000 - 0x00007ff97092e000 	C:\WINDOWS\System32\msvcrt.dll
0x00007ff96e670000 - 0x00007ff96e77b000 	C:\WINDOWS\System32\gdi32full.dll
0x00007ff96e1f0000 - 0x00007ff96e28d000 	C:\WINDOWS\System32\msvcp_win.dll
0x00007ff96fbe0000 - 0x00007ff96fc10000 	C:\WINDOWS\System32\IMM32.DLL
0x00007ff96b590000 - 0x00007ff96b59c000 	C:\Users\User\OneDrive\Desktop\eclipse-java-2022-06-R-win32-x86_64\eclipse\plugins\org.eclipse.justj.openjdk.hotspot.jre.full.win32.x86_64_17.0.3.v20220515-1416\jre\bin\vcruntime140_1.dll
0x00007ff966a50000 - 0x00007ff966ae1000 	C:\Users\User\OneDrive\Desktop\eclipse-java-2022-06-R-win32-x86_64\eclipse\plugins\org.eclipse.justj.openjdk.hotspot.jre.full.win32.x86_64_17.0.3.v20220515-1416\jre\bin\msvcp140.dll
0x00007ff8ff100000 - 0x00007ff8ffd48000 	C:\Users\User\OneDrive\Desktop\eclipse-java-2022-06-R-win32-x86_64\eclipse\plugins\org.eclipse.justj.openjdk.hotspot.jre.full.win32.x86_64_17.0.3.v20220515-1416\jre\bin\server\jvm.dll
0x00007ff96ec80000 - 0x00007ff96ed2e000 	C:\WINDOWS\System32\ADVAPI32.dll
0x00007ff96fe50000 - 0x00007ff96feec000 	C:\WINDOWS\System32\sechost.dll
0x00007ff9700f0000 - 0x00007ff970215000 	C:\WINDOWS\System32\RPCRT4.dll
0x00007ff96fdc0000 - 0x00007ff96fdc8000 	C:\WINDOWS\System32\PSAPI.DLL
0x00007ff9539f0000 - 0x00007ff953a17000 	C:\WINDOWS\SYSTEM32\WINMM.dll
0x00007ff932e10000 - 0x00007ff932e19000 	C:\WINDOWS\SYSTEM32\WSOCK32.dll
0x00007ff967790000 - 0x00007ff96779a000 	C:\WINDOWS\SYSTEM32\VERSION.dll
0x00007ff96fb70000 - 0x00007ff96fbdb000 	C:\WINDOWS\System32\WS2_32.dll
0x00007ff96c940000 - 0x00007ff96c952000 	C:\WINDOWS\SYSTEM32\kernel.appcore.dll
0x00007ff966510000 - 0x00007ff96651a000 	C:\Users\User\OneDrive\Desktop\eclipse-java-2022-06-R-win32-x86_64\eclipse\plugins\org.eclipse.justj.openjdk.hotspot.jre.full.win32.x86_64_17.0.3.v20220515-1416\jre\bin\jimage.dll
0x00007ff96c740000 - 0x00007ff96c924000 	C:\WINDOWS\SYSTEM32\DBGHELP.DLL
0x00007ff95ce60000 - 0x00007ff95ce8c000 	C:\WINDOWS\SYSTEM32\dbgcore.DLL
0x00007ff96e5b0000 - 0x00007ff96e632000 	C:\WINDOWS\System32\bcryptPrimitives.dll
0x00007ff9664e0000 - 0x00007ff966505000 	C:\Users\User\OneDrive\Desktop\eclipse-java-2022-06-R-win32-x86_64\eclipse\plugins\org.eclipse.justj.openjdk.hotspot.jre.full.win32.x86_64_17.0.3.v20220515-1416\jre\bin\java.dll
0x00007ff95f340000 - 0x00007ff95f358000 	C:\Users\User\OneDrive\Desktop\eclipse-java-2022-06-R-win32-x86_64\eclipse\plugins\org.eclipse.justj.openjdk.hotspot.jre.full.win32.x86_64_17.0.3.v20220515-1416\jre\bin\zip.dll
0x00007ff96f210000 - 0x00007ff96f954000 	C:\WINDOWS\System32\SHELL32.dll
0x00007ff96bed0000 - 0x00007ff96c664000 	C:\WINDOWS\SYSTEM32\windows.storage.dll
0x00007ff96ed30000 - 0x00007ff96f084000 	C:\WINDOWS\System32\combase.dll
0x00007ff96db50000 - 0x00007ff96db80000 	C:\WINDOWS\SYSTEM32\Wldp.dll
0x00007ff96ffc0000 - 0x00007ff97006d000 	C:\WINDOWS\System32\SHCORE.dll
0x00007ff96fdd0000 - 0x00007ff96fe25000 	C:\WINDOWS\System32\shlwapi.dll
0x00007ff96e030000 - 0x00007ff96e04f000 	C:\WINDOWS\SYSTEM32\profapi.dll
0x00007ff966880000 - 0x00007ff966a0e000 	C:\Users\User\OneDrive\Desktop\eclipse-java-2022-06-R-win32-x86_64\eclipse\plugins\org.eclipse.justj.openjdk.hotspot.jre.full.win32.x86_64_17.0.3.v20220515-1416\jre\bin\awt.dll
0x00007ff96fef0000 - 0x00007ff96ffbd000 	C:\WINDOWS\System32\OLEAUT32.dll
0x00007ff96b630000 - 0x00007ff96b6c0000 	C:\WINDOWS\SYSTEM32\apphelp.dll
0x00007ff96ba00000 - 0x00007ff96ba2f000 	C:\WINDOWS\system32\DWMAPI.DLL
0x00007ff96b810000 - 0x00007ff96b8ae000 	C:\WINDOWS\system32\uxtheme.dll
0x00007ff945d10000 - 0x00007ff945e37000 	C:\WINDOWS\system32\opengl32.dll
0x00007ff945ca0000 - 0x00007ff945ccc000 	C:\WINDOWS\SYSTEM32\GLU32.dll
0x00007ff96ea30000 - 0x00007ff96eb45000 	C:\WINDOWS\System32\MSCTF.dll
0x00007ff96eb50000 - 0x00007ff96ec7a000 	C:\WINDOWS\System32\ole32.dll
0x00007ff9666e0000 - 0x00007ff966769000 	C:\Users\User\OneDrive\Desktop\eclipse-java-2022-06-R-win32-x86_64\eclipse\plugins\org.eclipse.justj.openjdk.hotspot.jre.full.win32.x86_64_17.0.3.v20220515-1416\jre\bin\freetype.dll
0x00007ff966630000 - 0x00007ff9666d8000 	C:\Users\User\OneDrive\Desktop\eclipse-java-2022-06-R-win32-x86_64\eclipse\plugins\org.eclipse.justj.openjdk.hotspot.jre.full.win32.x86_64_17.0.3.v20220515-1416\jre\bin\fontmanager.dll
0x00007ff95f320000 - 0x00007ff95f339000 	C:\Users\User\OneDrive\Desktop\eclipse-java-2022-06-R-win32-x86_64\eclipse\plugins\org.eclipse.justj.openjdk.hotspot.jre.full.win32.x86_64_17.0.3.v20220515-1416\jre\bin\net.dll
0x00007ff95fce0000 - 0x00007ff95fdea000 	C:\WINDOWS\SYSTEM32\WINHTTP.dll
0x00007ff96d860000 - 0x00007ff96d8ca000 	C:\WINDOWS\system32\mswsock.dll
0x00007ff95f300000 - 0x00007ff95f315000 	C:\Users\User\OneDrive\Desktop\eclipse-java-2022-06-R-win32-x86_64\eclipse\plugins\org.eclipse.justj.openjdk.hotspot.jre.full.win32.x86_64_17.0.3.v20220515-1416\jre\bin\nio.dll
0x00007ff967990000 - 0x00007ff967b44000 	C:\WINDOWS\SYSTEM32\WindowsCodecs.dll
0x00007ff96e780000 - 0x00007ff96e7a7000 	C:\WINDOWS\System32\bcrypt.dll
0x00007ff9455e0000 - 0x00007ff94561e000 	C:\WINDOWS\system32\dataexchange.dll
0x00007ff969f80000 - 0x00007ff96a1e3000 	C:\WINDOWS\system32\d3d11.dll
0x00007ff96aa50000 - 0x00007ff96ac34000 	C:\WINDOWS\system32\dcomp.dll
0x00007ff96cad0000 - 0x00007ff96cbc3000 	C:\WINDOWS\system32\dxgi.dll
0x00007ff967c80000 - 0x00007ff967e80000 	C:\WINDOWS\system32\twinapi.appcore.dll
0x00007ff94ad90000 - 0x00007ff94ae89000 	C:\WINDOWS\SYSTEM32\textinputframework.dll
0x00007ff96afc0000 - 0x00007ff96b31e000 	C:\WINDOWS\System32\CoreUIComponents.dll
0x00007ff96b320000 - 0x00007ff96b412000 	C:\WINDOWS\System32\CoreMessaging.dll
0x00007ff96cdb0000 - 0x00007ff96cde3000 	C:\WINDOWS\SYSTEM32\ntmarta.dll
0x00007ff96a7b0000 - 0x00007ff96a904000 	C:\WINDOWS\SYSTEM32\wintypes.dll

dbghelp: loaded successfully - version: 4.0.5 - missing functions: none
symbol engine: initialized successfully - sym options: 0x614 - pdb path: .;C:\Users\User\OneDrive\Desktop\eclipse-java-2022-06-R-win32-x86_64\eclipse\plugins\org.eclipse.justj.openjdk.hotspot.jre.full.win32.x86_64_17.0.3.v20220515-1416\jre\bin;C:\WINDOWS\SYSTEM32;C:\WINDOWS\WinSxS\amd64_microsoft.windows.common-controls_6595b64144ccf1df_6.0.19041.1110_none_60b5254171f9507e;C:\Users\User\OneDrive\Desktop\eclipse-java-2022-06-R-win32-x86_64\eclipse\plugins\org.eclipse.justj.openjdk.hotspot.jre.full.win32.x86_64_17.0.3.v20220515-1416\jre\bin\server

VM Arguments:
jvm_args: -Dfile.encoding=UTF-8 -XX:+ShowCodeDetailsInExceptionMessages 
java_command: Main
java_class_path (initial): C:\Users\User\eclipse-workspace\Caculator\bin
Launcher Type: SUN_STANDARD

[Global flags]
     intx CICompilerCount                          = 4                                         {product} {ergonomic}
     uint ConcGCThreads                            = 2                                         {product} {ergonomic}
     uint G1ConcRefinementThreads                  = 8                                         {product} {ergonomic}
   size_t G1HeapRegionSize                         = 4194304                                   {product} {ergonomic}
    uintx GCDrainStackTargetSize                   = 64                                        {product} {ergonomic}
   size_t InitialHeapSize                          = 335544320                                 {product} {ergonomic}
   size_t MarkStackSize                            = 4194304                                   {product} {ergonomic}
   size_t MaxHeapSize                              = 5314183168                                {product} {ergonomic}
   size_t MaxNewSize                               = 3187671040                                {product} {ergonomic}
   size_t MinHeapDeltaBytes                        = 4194304                                   {product} {ergonomic}
   size_t MinHeapSize                              = 8388608                                   {product} {ergonomic}
    uintx NonNMethodCodeHeapSize                   = 5839372                                {pd product} {ergonomic}
    uintx NonProfiledCodeHeapSize                  = 122909434                              {pd product} {ergonomic}
    uintx ProfiledCodeHeapSize                     = 122909434                              {pd product} {ergonomic}
    uintx ReservedCodeCacheSize                    = 251658240                              {pd product} {ergonomic}
     bool SegmentedCodeCache                       = true                                      {product} {ergonomic}
     bool ShowCodeDetailsInExceptionMessages       = true                                   {manageable} {command line}
   size_t SoftMaxHeapSize                          = 5314183168                             {manageable} {ergonomic}
     bool UseCompressedClassPointers               = true                           {product lp64_product} {ergonomic}
     bool UseCompressedOops                        = true                           {product lp64_product} {ergonomic}
     bool UseG1GC                                  = true                                      {product} {ergonomic}
     bool UseLargePagesIndividualAllocation        = false                                  {pd product} {ergonomic}

Logging:
Log output configuration:
 #0: stdout all=warning uptime,level,tags
 #1: stderr all=off uptime,level,tags

Environment Variables:
PATH=C:/Users/User/OneDrive/Desktop/eclipse-java-2022-06-R-win32-x86_64/eclipse//plugins/org.eclipse.justj.openjdk.hotspot.jre.full.win32.x86_64_17.0.3.v20220515-1416/jre/bin/server;C:/Users/User/OneDrive/Desktop/eclipse-java-2022-06-R-win32-x86_64/eclipse//plugins/org.eclipse.justj.openjdk.hotspot.jre.full.win32.x86_64_17.0.3.v20220515-1416/jre/bin;C:\Program Files\Common Files\Oracle\Java\javapath;C:\WINDOWS\system32;C:\WINDOWS;C:\MinGW\bin;C:\Users\User\AppData\Local\Programs\Python\Python38\Scripts\;C:\Users\User\AppData\Local\Programs\Python\Python38\;C:\Users\User\AppData\Local\Microsoft\WindowsApps;C:\Users\User\AppData\Local\Programs\Microsoft VS Code\bin;C:\MinGW\bin;;C:\Users\User\OneDrive\Desktop\eclipse-java-2022-06-R-win32-x86_64\eclipse;
USERNAME=User
OS=Windows_NT
PROCESSOR_IDENTIFIER=Intel64 Family 6 Model 126 Stepping 5, GenuineIntel



---------------  S Y S T E M  ---------------

OS:
 Windows 10 , 64 bit Build 19041 (10.0.19041.1889)
OS uptime: 0 days 1:03 hours
Hyper-V role detected

CPU: total 8 (initial active 8) (4 cores per cpu, 2 threads per core) family 6 model 126 stepping 5 microcode 0x86, cx8, cmov, fxsr, ht, mmx, 3dnowpref, sse, sse2, sse3, ssse3, sse4.1, sse4.2, popcnt, lzcnt, tsc, tscinvbit, avx, avx2, aes, erms, clmul, bmi1, bmi2, adx, avx512f, avx512dq, avx512cd, avx512bw, avx512vl, sha, fma, vzeroupper, avx512_vpopcntdq, avx512_vpclmulqdq, avx512_vaes, avx512_vnni, clflush, clflushopt, avx512_vbmi2, avx512_vbmi, hv

Memory: 4k page, system-wide physical 20256M (632M free)
TotalPageFile size 50638M (AvailPageFile size 2M)
current process WorkingSet (physical memory assigned to process): 68M, peak: 68M
current process commit charge ("private bytes"): 424M, peak: 424M

vm_info: OpenJDK 64-Bit Server VM (17.0.3+7) for windows-amd64 JRE (17.0.3+7), built on Apr 19 2022 16:55:35 by "" with MS VC++ 16.7 (VS2019)

END.
